nohup: ignoring input
task2-------------------------------------------------------------------
size:  large  note:  webnlg  batch_size:  10
1h 46min 57s
************************************************************************


task3-------------------------------------------------------------------
size:  medium  note:  data2text  batch_size:  10
0h 59min 29s
************************************************************************


task4-------------------------------------------------------------------
size:  medium  note:  webnlg  batch_size:  10
0h 57min 59s
************************************************************************


task5-------------------------------------------------------------------
size:  small  note:  data2text  batch_size:  10
0h 24min 42s
************************************************************************


task6-------------------------------------------------------------------
size:  small  note:  webnlg  batch_size:  10
0h 25min 47s
************************************************************************


task7-------------------------------------------------------------------
size:  xl  note:  data2text  batch_size:  10
3h 39min 58s
************************************************************************


task8-------------------------------------------------------------------
size:  xl  note:  webnlg  batch_size:  5
3h 4min 42s
************************************************************************


